<?xml version="1.0" encoding="UTF-8"?>
<testng-results ignored="0" total="1" passed="1" failed="0" skipped="0">
  <reporter-output>
  </reporter-output>
  <suite started-at="2022-05-19T19:26:34 IST" name="Default suite" finished-at="2022-05-19T19:26:48 IST" duration-ms="13110">
    <groups>
    </groups>
    <test started-at="2022-05-19T19:26:34 IST" name="Default test" finished-at="2022-05-19T19:26:48 IST" duration-ms="13110">
      <class name="com.mindtree.ComprehenssiveMilestone.Help">
        <test-method signature="Test1()[pri:0, instance:com.mindtree.ComprehenssiveMilestone.Help@29e495ff]" started-at="2022-05-19T19:26:35 IST" name="Test1" finished-at="2022-05-19T19:26:48 IST" duration-ms="13015" status="PASS">
          <reporter-output>
          </reporter-output>
        </test-method> <!-- Test1 -->
      </class> <!-- com.mindtree.ComprehenssiveMilestone.Help -->
    </test> <!-- Default test -->
  </suite> <!-- Default suite -->
</testng-results>
