<?xml version="1.0" encoding="UTF-8"?>
<testng-results ignored="0" total="1" passed="1" failed="0" skipped="0">
  <reporter-output>
  </reporter-output>
  <suite started-at="2022-05-19T19:52:30 IST" name="Surefire suite" finished-at="2022-05-19T19:52:30 IST" duration-ms="62">
    <groups>
    </groups>
    <test started-at="2022-05-19T19:52:30 IST" name="Surefire test" finished-at="2022-05-19T19:52:30 IST" duration-ms="62">
      <class name="NewTest">
        <test-method signature="f()[pri:0, instance:NewTest@5fe94a96]" started-at="2022-05-19T19:52:30 IST" name="f" finished-at="2022-05-19T19:52:30 IST" duration-ms="5" status="PASS">
          <reporter-output>
          </reporter-output>
        </test-method> <!-- f -->
      </class> <!-- NewTest -->
    </test> <!-- Surefire test -->
  </suite> <!-- Surefire suite -->
</testng-results>
